<?xml version="1.0" encoding="UTF-8"?>
<testng-results ignored="0" total="1" passed="1" failed="0" skipped="0">
  <reporter-output>
  </reporter-output>
  <suite started-at="2026-02-07T13:06:17 IST" name="Default suite" finished-at="2026-02-07T13:06:26 IST" duration-ms="9190">
    <groups>
    </groups>
    <test started-at="2026-02-07T13:06:17 IST" name="Default test" finished-at="2026-02-07T13:06:26 IST" duration-ms="9190">
      <class name="com.learnframeworktestcases.loginOraganHrm">
        <test-method is-config="true" signature="SetUp()[pri:0, instance:com.learnframeworktestcases.loginOraganHrm@2f666ebb]" started-at="2026-02-07T13:06:15 IST" name="SetUp" finished-at="2026-02-07T13:06:17 IST" duration-ms="2008" status="PASS">
          <reporter-output>
          </reporter-output>
        </test-method> <!-- SetUp -->
        <test-method is-config="true" signature="BrowserTest()[pri:0, instance:com.learnframeworktestcases.loginOraganHrm@2f666ebb]" started-at="2026-02-07T13:06:17 IST" name="BrowserTest" finished-at="2026-02-07T13:06:25 IST" duration-ms="7484" status="PASS">
          <reporter-output>
          </reporter-output>
        </test-method> <!-- BrowserTest -->
        <test-method signature="loginApp()[pri:0, instance:com.learnframeworktestcases.loginOraganHrm@2f666ebb]" started-at="2026-02-07T13:06:25 IST" name="loginApp" finished-at="2026-02-07T13:06:25 IST" duration-ms="729" status="PASS">
          <reporter-output>
          </reporter-output>
        </test-method> <!-- loginApp -->
        <test-method is-config="true" signature="tearDownMethod(org.testng.ITestResult)[pri:0, instance:com.learnframeworktestcases.loginOraganHrm@2f666ebb]" started-at="2026-02-07T13:06:26 IST" name="tearDownMethod" finished-at="2026-02-07T13:06:26 IST" duration-ms="6" status="PASS">
          <params>
            <param index="0">
              <value>
                <![CDATA[[TestResult name=loginApp status=SUCCESS method=loginOraganHrm.loginApp()[pri:0, instance:com.learnframeworktestcases.loginOraganHrm@2f666ebb] output={null}]]]>
              </value>
            </param>
          </params>
          <reporter-output>
          </reporter-output>
        </test-method> <!-- tearDownMethod -->
        <test-method is-config="true" signature="teardown()[pri:0, instance:com.learnframeworktestcases.loginOraganHrm@2f666ebb]" started-at="2026-02-07T13:06:26 IST" name="teardown" finished-at="2026-02-07T13:06:26 IST" duration-ms="672" status="PASS">
          <reporter-output>
          </reporter-output>
        </test-method> <!-- teardown -->
      </class> <!-- com.learnframeworktestcases.loginOraganHrm -->
    </test> <!-- Default test -->
  </suite> <!-- Default suite -->
</testng-results>
